[0.047s] Invoking command in '/home/claudio/ros2_ws2/build/anymal_d_simple_description': /usr/bin/cmake --build /home/claudio/ros2_ws2/build/anymal_d_simple_description -- -j16 -l16
[0.064s] -- Found ament_cmake: 1.3.5 (/opt/ros/humble/share/ament_cmake/cmake)
[0.155s] -- Found trajectory_msgs: 4.2.3 (/opt/ros/humble/share/trajectory_msgs/cmake)
[0.170s] -- Found rosidl_generator_c: 3.1.5 (/opt/ros/humble/share/rosidl_generator_c/cmake)
[0.171s] -- Found rosidl_adapter: 3.1.5 (/opt/ros/humble/share/rosidl_adapter/cmake)
[0.174s] -- Found rosidl_generator_cpp: 3.1.5 (/opt/ros/humble/share/rosidl_generator_cpp/cmake)
[0.181s] -- Using all available rosidl_typesupport_c: rosidl_typesupport_fastrtps_c;rosidl_typesupport_introspection_c
[0.190s] -- Using all available rosidl_typesupport_cpp: rosidl_typesupport_fastrtps_cpp;rosidl_typesupport_introspection_cpp
[0.313s] -- Found gazebo_ros2_control: 0.4.9 (/opt/ros/humble/share/gazebo_ros2_control/cmake)
[0.602s] -- Found rmw_implementation_cmake: 6.1.1 (/opt/ros/humble/share/rmw_implementation_cmake/cmake)
[0.603s] -- Found rmw_fastrtps_cpp: 6.2.4 (/opt/ros/humble/share/rmw_fastrtps_cpp/cmake)
[0.677s] -- Using RMW implementation 'rmw_fastrtps_cpp' as default
[1.230s] -- Found DART: /usr/include (Required is at least version "6.6") found components: dart 
[1.246s] -- Found Protobuf: /usr/lib/x86_64-linux-gnu/libprotobuf.so (found version "3.12.4") 
[1.247s] -- Looking for ignition-math6 -- found version 6.15.0
[1.249s] -- Searching for dependencies of ignition-math6
[1.250s] -- Looking for OGRE...
[1.253s] -- Found Ogre Ghadamon (1.9.0)
[1.253s] -- Found OGRE: optimized;/usr/lib/x86_64-linux-gnu/libOgreMain.so;debug;/usr/lib/x86_64-linux-gnu/libOgreMain.so
[1.259s] -- Looking for OGRE_Paging...
[1.260s] -- Found OGRE_Paging: optimized;/usr/lib/x86_64-linux-gnu/libOgrePaging.so;debug;/usr/lib/x86_64-linux-gnu/libOgrePaging.so
[1.260s] -- Looking for OGRE_Terrain...
[1.260s] -- Found OGRE_Terrain: optimized;/usr/lib/x86_64-linux-gnu/libOgreTerrain.so;debug;/usr/lib/x86_64-linux-gnu/libOgreTerrain.so
[1.260s] -- Looking for OGRE_Property...
[1.260s] -- Found OGRE_Property: optimized;/usr/lib/x86_64-linux-gnu/libOgreProperty.so;debug;/usr/lib/x86_64-linux-gnu/libOgreProperty.so
[1.260s] -- Looking for OGRE_RTShaderSystem...
[1.260s] -- Found OGRE_RTShaderSystem: optimized;/usr/lib/x86_64-linux-gnu/libOgreRTShaderSystem.so;debug;/usr/lib/x86_64-linux-gnu/libOgreRTShaderSystem.so
[1.260s] -- Looking for OGRE_Volume...
[1.260s] -- Found OGRE_Volume: optimized;/usr/lib/x86_64-linux-gnu/libOgreVolume.so;debug;/usr/lib/x86_64-linux-gnu/libOgreVolume.so
[1.260s] -- Looking for OGRE_Overlay...
[1.260s] -- Found OGRE_Overlay: optimized;/usr/lib/x86_64-linux-gnu/libOgreOverlay.so;debug;/usr/lib/x86_64-linux-gnu/libOgreOverlay.so
[1.318s] -- Looking for ignition-math6 -- found version 6.15.0
[1.318s] -- Looking for ignition-transport8 -- found version 8.2.1
[1.319s] -- Searching for dependencies of ignition-transport8
[1.329s] -- Found Protobuf: /usr/lib/x86_64-linux-gnu/libprotobuf.so (found suitable version "3.12.4", minimum required is "3") 
[1.336s] -- Config-file not installed for ZeroMQ -- checking for pkg-config
[1.339s] -- Checking for module 'libzmq >= 4'
[1.347s] --   Found libzmq , version 4.3.4
[1.373s] -- Checking for module 'uuid'
[1.380s] --   Found uuid, version 2.37.2
[1.419s] -- Looking for ignition-msgs5 -- found version 5.8.1
[1.420s] -- Searching for dependencies of ignition-msgs5
[1.435s] -- Looking for ignition-math6 -- found version 6.15.0
[1.439s] -- Looking for ignition-msgs5 -- found version 5.8.1
[1.440s] -- Looking for ignition-common3 -- found version 3.14.0
[1.440s] -- Searching for dependencies of ignition-common3
[1.440s] -- Looking for dlfcn.h - found
[1.440s] -- Looking for libdl - found
[1.447s] -- Searching for <ignition-common3> component [graphics]
[1.447s] -- Looking for ignition-common3-graphics -- found version 3.14.0
[1.447s] -- Searching for dependencies of ignition-common3-graphics
[1.448s] -- Looking for ignition-math6 -- found version 6.15.0
[1.448s] -- Looking for ignition-fuel_tools4 -- found version 4.4.0
[1.448s] -- Searching for dependencies of ignition-fuel_tools4
[1.471s] -- Checking for module 'jsoncpp'
[1.479s] --   Found jsoncpp, version 1.9.5
[1.506s] -- Checking for module 'libzip'
[1.514s] --   Found libzip, version 1.7.3
[1.551s] -- Looking for ignition-common3 -- found version 3.14.0
[1.551s] -- Looking for ignition-math6 -- found version 6.15.0
[1.552s] -- Looking for ignition-msgs5 -- found version 5.8.1
[1.554s] -- Gazebo version: 11.10
[1.726s] Error parsing '/home/claudio/ros2_ws2/src/anymal_d_simple_description/package.xml':
[1.751s] Traceback (most recent call last):
[1.751s]   File "/opt/ros/humble/share/ament_cmake_core/cmake/core/package_xml_2_cmake.py", line 150, in <module>
[1.752s]     main()
[1.752s]   File "/opt/ros/humble/share/ament_cmake_core/cmake/core/package_xml_2_cmake.py", line 53, in main
[1.752s]     raise e
[1.752s]   File "/opt/ros/humble/share/ament_cmake_core/cmake/core/package_xml_2_cmake.py", line 49, in main
[1.752s]     package = parse_package_string(
[1.752s]   File "/usr/lib/python3/dist-packages/catkin_pkg/package.py", line 786, in parse_package_string
[1.759s]     raise InvalidPackage('Error(s):%s' % (''.join(['\n- %s' % e for e in errors])), filename)
[1.760s] catkin_pkg.package.InvalidPackage: Error(s) in package '/home/claudio/ros2_ws2/src/anymal_d_simple_description/package.xml':
[1.760s] Error(s):
[1.760s] - The generic dependency on 'controller_manager' is redundant with: exec_depend
[1.760s] - The generic dependency on 'hardware_interface' is redundant with: build_depend, build_export_depend, exec_depend
[1.760s] - The generic dependency on 'pluginlib' is redundant with: build_depend, build_export_depend, exec_depend
[1.769s] [31mCMake Error at /opt/ros/humble/share/ament_cmake_core/cmake/core/ament_package_xml.cmake:95 (message):
[1.769s]   execute_process(/usr/bin/python3.10
[1.769s]   /opt/ros/humble/share/ament_cmake_core/cmake/core/package_xml_2_cmake.py
[1.770s]   /home/claudio/ros2_ws2/src/anymal_d_simple_description/package.xml
[1.770s]   /home/claudio/ros2_ws2/build/anymal_d_simple_description/ament_cmake_core/package.cmake)
[1.770s]   returned error code 1
[1.770s] Call Stack (most recent call first):
[1.770s]   /opt/ros/humble/share/ament_cmake_core/cmake/core/ament_package_xml.cmake:49 (_ament_package_xml)
[1.770s]   /opt/ros/humble/share/ament_cmake_core/cmake/core/ament_package.cmake:63 (ament_package_xml)
[1.770s]   CMakeLists.txt:18 (ament_package)
[1.770s] 
[1.770s] [0m
[1.770s] -- Configuring incomplete, errors occurred!
[1.770s] See also "/home/claudio/ros2_ws2/build/anymal_d_simple_description/CMakeFiles/CMakeOutput.log".
[1.778s] gmake: *** [Makefile:226: cmake_check_build_system] Error 1
[1.779s] Invoked command in '/home/claudio/ros2_ws2/build/anymal_d_simple_description' returned '2': /usr/bin/cmake --build /home/claudio/ros2_ws2/build/anymal_d_simple_description -- -j16 -l16
