[0.512s] Invoking command in '/home/claudio/ros2_ws2/build/ros2_control_demo_example_5': CMAKE_PREFIX_PATH=/home/claudio/ros2_ws2/install/ros2_control_demo_description:/home/claudio/ros2_ws2/install/ros2_control_demo_example_1:/home/claudio/ros2_ws2/install/anymal_d_simple_description:/home/claudio/ros2_ws2/install/ros2_control_demo_testing:/opt/ros/humble /usr/bin/cmake /home/claudio/ros2_ws2/src/ros2_control_demos/example_5 -DCMAKE_INSTALL_PREFIX=/home/claudio/ros2_ws2/install/ros2_control_demo_example_5
[0.573s] -- The CXX compiler identification is GNU 11.4.0
[0.580s] -- Detecting CXX compiler ABI info
[0.655s] -- Detecting CXX compiler ABI info - done
[0.660s] -- Check for working CXX compiler: /usr/bin/c++ - skipped
[0.661s] -- Detecting CXX compile features
[0.661s] -- Detecting CXX compile features - done
[0.662s] -- Found backward_ros: 1.0.2 (/opt/ros/humble/share/backward_ros/cmake)
[1.071s] -- Found Python3: /usr/local/bin/python (found version "3.10.12") found components: Interpreter 
[1.147s] -- Found libdw: /usr/lib/x86_64-linux-gnu/libdw.so  
[1.153s] -- Could NOT find libbfd (missing: LIBBFD_LIBRARY LIBBFD_INCLUDE_DIR) 
[1.153s] -- BACKWARD_HAS_UNWIND=1
[1.153s] -- BACKWARD_HAS_BACKTRACE=0
[1.153s] -- BACKWARD_HAS_BACKTRACE_SYMBOL=0
[1.153s] -- BACKWARD_HAS_DW=1
[1.153s] -- BACKWARD_HAS_BFD=0
[1.154s] -- Found Backward: /opt/ros/humble/share/backward_ros/cmake  
[1.156s] -- Found ament_cmake: 1.3.5 (/opt/ros/humble/share/ament_cmake/cmake)
[1.182s] -- Found hardware_interface: 2.41.0 (/opt/ros/humble/share/hardware_interface/cmake)
[1.218s] -- Found rosidl_generator_c: 3.1.5 (/opt/ros/humble/share/rosidl_generator_c/cmake)
[1.223s] -- Found rosidl_adapter: 3.1.5 (/opt/ros/humble/share/rosidl_adapter/cmake)
[1.233s] -- Found rosidl_generator_cpp: 3.1.5 (/opt/ros/humble/share/rosidl_generator_cpp/cmake)
[1.249s] -- Using all available rosidl_typesupport_c: rosidl_typesupport_fastrtps_c;rosidl_typesupport_introspection_c
[1.272s] -- Using all available rosidl_typesupport_cpp: rosidl_typesupport_fastrtps_cpp;rosidl_typesupport_introspection_cpp
[2.094s] -- Found rmw_implementation_cmake: 6.1.1 (/opt/ros/humble/share/rmw_implementation_cmake/cmake)
[2.097s] -- Found rmw_fastrtps_cpp: 6.2.4 (/opt/ros/humble/share/rmw_fastrtps_cpp/cmake)
[2.200s] Invoked command in '/home/claudio/ros2_ws2/build/ros2_control_demo_example_5' returned '-2': CMAKE_PREFIX_PATH=/home/claudio/ros2_ws2/install/ros2_control_demo_description:/home/claudio/ros2_ws2/install/ros2_control_demo_example_1:/home/claudio/ros2_ws2/install/anymal_d_simple_description:/home/claudio/ros2_ws2/install/ros2_control_demo_testing:/opt/ros/humble /usr/bin/cmake /home/claudio/ros2_ws2/src/ros2_control_demos/example_5 -DCMAKE_INSTALL_PREFIX=/home/claudio/ros2_ws2/install/ros2_control_demo_example_5
[2.202s] Traceback (most recent call last):
  File "/usr/lib/python3/dist-packages/colcon_parallel_executor/executor/parallel.py", line 75, in execute
    loop.run_until_complete(future)
  File "/usr/lib/python3.10/asyncio/base_events.py", line 636, in run_until_complete
    self.run_forever()
  File "/usr/lib/python3.10/asyncio/base_events.py", line 603, in run_forever
    self._run_once()
  File "/usr/lib/python3.10/asyncio/base_events.py", line 1871, in _run_once
    event_list = self._selector.select(timeout)
  File "/usr/lib/python3.10/selectors.py", line 469, in select
    fd_event_list = self._selector.poll(timeout, max_ev)
KeyboardInterrupt

During handling of the above exception, another exception occurred:

Traceback (most recent call last):
  File "/usr/lib/python3/dist-packages/colcon_core/executor/__init__.py", line 91, in __call__
    rc = await self.task(*args, **kwargs)
  File "/usr/lib/python3/dist-packages/colcon_core/task/__init__.py", line 93, in __call__
    return await task_method(*args, **kwargs)
  File "/usr/lib/python3/dist-packages/colcon_ros/task/ament_cmake/build.py", line 59, in build
    rc = await extension.build(
  File "/usr/lib/python3/dist-packages/colcon_cmake/task/cmake/build.py", line 87, in build
    rc = await self._reconfigure(args, env)
  File "/usr/lib/python3/dist-packages/colcon_cmake/task/cmake/build.py", line 182, in _reconfigure
    buildfile = get_buildfile(cmake_cache)
  File "/usr/lib/python3/dist-packages/colcon_cmake/task/cmake/__init__.py", line 114, in get_buildfile
    if 'Visual Studio' in generator:
TypeError: argument of type 'NoneType' is not iterable
